2022-03-07 20:51:20,606 - pyswarms.backend.generators - ERROR - Bounds and/or init_pos should be of size (6,)
Traceback (most recent call last):
  File "D:\python\lib\site-packages\pyswarms\backend\generators.py", line 81, in generate_swarm
    pos = center * np.random.uniform(
  File "mtrand.pyx", line 1125, in numpy.random.mtrand.RandomState.uniform
  File "_common.pyx", line 541, in numpy.random._common.cont
  File "_common.pyx", line 458, in numpy.random._common.cont_broadcast_2
  File "__init__.pxd", line 742, in numpy.PyArray_MultiIterNew3
ValueError: shape mismatch: objects cannot be broadcast to a single shape
2022-03-07 20:51:41,742 - pyswarms.single.global_best - INFO - Optimize for 200 iters with {'c1': 1.5, 'c2': 1.5, 'w': 0.5}
2022-03-07 20:52:23,920 - pyswarms.single.global_best - INFO - Optimize for 200 iters with {'c1': 1.5, 'c2': 1.5, 'w': 0.5}
2022-03-07 20:52:24,011 - pyswarms.single.global_best - INFO - Optimization finished | best cost: 5.72204027775661, best pos: [ 3.00327169 -3.66815766]
2022-03-07 20:53:49,201 - pyswarms.single.global_best - INFO - Optimize for 200 iters with {'c1': 1.5, 'c2': 1.5, 'w': 0.5}
2022-03-07 20:53:59,969 - pyswarms.single.global_best - INFO - Optimize for 200 iters with {'c1': 1.5, 'c2': 1.5, 'w': 0.5}
2022-03-07 20:54:00,044 - pyswarms.single.global_best - INFO - Optimization finished | best cost: 3.785368308217013, best pos: [-8.55282679 -3.17087367]
2022-03-07 20:54:31,776 - pyswarms.single.global_best - INFO - Optimize for 200 iters with {'c1': 2, 'c2': 2, 'w': 0.5}
2022-03-07 20:54:31,825 - pyswarms.single.global_best - INFO - Optimization finished | best cost: 3.3277617331581695, best pos: [-6.11179437 -2.92494638]
2022-03-07 21:02:42,978 - pyswarms.single.global_best - INFO - Optimize for 2000 iters with {'c1': 2, 'c2': 2, 'w': 0.5}
2022-03-07 21:02:43,562 - pyswarms.single.global_best - INFO - Optimization finished | best cost: 4.097668704044992, best pos: [-8.75149231 -3.26983212]
2022-03-07 21:03:28,289 - pyswarms.single.global_best - INFO - Optimize for 2000 iters with {'c1': 0.5, 'c2': 0.3, 'w': 0.9}
2022-03-07 21:03:28,899 - pyswarms.single.global_best - INFO - Optimization finished | best cost: 9.642273478540702, best pos: [ 4.862033  16.2269902]
2022-03-07 21:03:52,103 - pyswarms.single.global_best - INFO - Optimize for 2000 iters with {'c1': 0.5, 'c2': 0.3, 'w': 0.9}
2022-03-07 21:04:53,635 - pyswarms.single.global_best - INFO - Optimize for 2000 iters with {'c1': 0.5, 'c2': 0.3, 'w': 0.9}
2022-03-07 21:09:14,719 - pyswarms.single.global_best - INFO - Optimize for 2000 iters with {'c1': 0.5, 'c2': 0.3, 'w': 0.9}
2022-03-07 21:10:33,405 - pyswarms.single.global_best - INFO - Optimize for 1000 iters with {'c1': 0.5, 'c2': 0.3, 'w': 0.9}
2022-03-07 21:10:33,720 - pyswarms.single.global_best - INFO - Optimization finished | best cost: 1.7171655264984117e-45, best pos: [ 3.74307210e-24 -4.12692978e-23]
